e:\pr0jectx\binary\client\etergrnlib\release\util.obj
e:\pr0jectx\binary\client\etergrnlib\release\thinginstance.obj
e:\pr0jectx\binary\client\etergrnlib\release\modelinstancemodel.obj
e:\pr0jectx\binary\client\etergrnlib\release\mesh.obj
e:\pr0jectx\binary\client\etergrnlib\release\modelinstanceupdate.obj
e:\pr0jectx\binary\client\etergrnlib\release\motion.obj
e:\pr0jectx\binary\client\etergrnlib\release\material.obj
e:\pr0jectx\binary\client\etergrnlib\release\thing.obj
e:\pr0jectx\binary\client\etergrnlib\release\lodcontroller.obj
e:\pr0jectx\binary\client\etergrnlib\release\modelinstancerender.obj
e:\pr0jectx\binary\client\etergrnlib\release\modelinstancecollisiondetection.obj
e:\pr0jectx\binary\client\etergrnlib\release\modelinstancemotion.obj
e:\pr0jectx\binary\client\etergrnlib\release\model.obj
e:\pr0jectx\binary\client\etergrnlib\release\modelinstance.obj
e:\pr0jectx\binary\client\etergrnlib\release\etergrnlib.pdb
e:\pr0jectx\binary\client\etergrnlib\release\etergrnlib.lib
e:\pr0jectx\binary\client\etergrnlib\release\etergrnlib.tlog\cl.11496.write.1.tlog
e:\pr0jectx\binary\client\etergrnlib\release\etergrnlib.tlog\cl.command.1.tlog
e:\pr0jectx\binary\client\etergrnlib\release\etergrnlib.tlog\cl.items.tlog
e:\pr0jectx\binary\client\etergrnlib\release\etergrnlib.tlog\cl.read.1.tlog
e:\pr0jectx\binary\client\etergrnlib\release\etergrnlib.tlog\lib-link.read.1.tlog
e:\pr0jectx\binary\client\etergrnlib\release\etergrnlib.tlog\lib-link.write.1.tlog
e:\pr0jectx\binary\client\etergrnlib\release\etergrnlib.tlog\lib.command.1.tlog
