e:\pr0jectx\binary\client\effectlib\release\effectlib.pch
e:\pr0jectx\binary\client\effectlib\release\effectlib.pdb
e:\pr0jectx\binary\client\effectlib\release\stdafx.obj
e:\pr0jectx\binary\client\effectlib\release\effectmeshinstance.obj
e:\pr0jectx\binary\client\effectlib\release\effectinstance.obj
e:\pr0jectx\binary\client\effectlib\release\effectmanager.obj
e:\pr0jectx\binary\client\effectlib\release\effectelementbaseinstance.obj
e:\pr0jectx\binary\client\effectlib\release\effectupdatedecorator.obj
e:\pr0jectx\binary\client\effectlib\release\effectmesh.obj
e:\pr0jectx\binary\client\effectlib\release\simplelightdata.obj
e:\pr0jectx\binary\client\effectlib\release\framecontroller.obj
e:\pr0jectx\binary\client\effectlib\release\type.obj
e:\pr0jectx\binary\client\effectlib\release\particlesystemdata.obj
e:\pr0jectx\binary\client\effectlib\release\simplelightinstance.obj
e:\pr0jectx\binary\client\effectlib\release\effectelementbase.obj
e:\pr0jectx\binary\client\effectlib\release\particlesysteminstance.obj
e:\pr0jectx\binary\client\effectlib\release\effectdata.obj
e:\pr0jectx\binary\client\effectlib\release\particleinstance.obj
e:\pr0jectx\binary\client\effectlib\release\particleproperty.obj
e:\pr0jectx\binary\client\effectlib\release\emitterproperty.obj
e:\pr0jectx\binary\client\effectlib\release\effectlib.lib
e:\pr0jectx\binary\client\effectlib\release\effectlib.tlog\cl.command.1.tlog
e:\pr0jectx\binary\client\effectlib\release\effectlib.tlog\cl.items.tlog
e:\pr0jectx\binary\client\effectlib\release\effectlib.tlog\cl.read.1.tlog
e:\pr0jectx\binary\client\effectlib\release\effectlib.tlog\cl.write.1.tlog
e:\pr0jectx\binary\client\effectlib\release\effectlib.tlog\lib-link.read.1.tlog
e:\pr0jectx\binary\client\effectlib\release\effectlib.tlog\lib-link.write.1.tlog
e:\pr0jectx\binary\client\effectlib\release\effectlib.tlog\lib.command.1.tlog
